Using pre-set license
Built from 'trunk' branch; Version is '2021.1.0a9 (18321e85013a) revision 1585694'; Using compiler version '192528614'; Build Type 'Release'
OS: 'Windows 10 Pro; OS build 19041.804; Version 2004; 64bit' Language: 'zh' Physical Memory: 24446 MB
BatchMode: 1, IsHumanControllingUs: 0, StartBugReporterOnCrash: 0, Is64bit: 1, IsPro: 0

 COMMAND LINE ARGUMENTS:
C:\Program Files\Unity\Hub\Editor\2021.1.0a9\Editor\Unity.exe
-adb2
-batchMode
-noUpm
-name
AssetImportWorker0
-projectPath
D:/yellow/hithub/XHSJ/XHSJ/XX
-logFile
Logs/AssetImportWorker0.log
-srvPort
64643
Successfully changed project path to: D:/yellow/hithub/XHSJ/XHSJ/XX
D:/yellow/hithub/XHSJ/XHSJ/XX
Using Asset Import Pipeline V2.
Refreshing native plugins compatible for Editor in 66.76 ms, found 0 plugins.
Preloading 0 native plugins for Editor in 0.00 ms.
Initialize engine version: 2021.1.0a9 (18321e85013a)
[Subsystems] Discovering subsystems at path C:/Program Files/Unity/Hub/Editor/2021.1.0a9/Editor/Data/Resources/UnitySubsystems
[Subsystems] Discovering subsystems at path D:/yellow/hithub/XHSJ/XHSJ/XX/Assets
GfxDevice: creating device client; threaded=0; jobified=0
Direct3D:
    Version:  Direct3D 11.0 [level 11.1]
    Renderer: NVIDIA GeForce GTX 1050 (ID=0x1c81)
    Vendor:   
    VRAM:     1977 MB
    Driver:   27.21.14.5671
Initialize mono
Mono path[0] = 'C:/Program Files/Unity/Hub/Editor/2021.1.0a9/Editor/Data/Managed'
Mono path[1] = 'C:/Program Files/Unity/Hub/Editor/2021.1.0a9/Editor/Data/MonoBleedingEdge/lib/mono/unityjit'
Mono config path = 'C:/Program Files/Unity/Hub/Editor/2021.1.0a9/Editor/Data/MonoBleedingEdge/etc'
Using monoOptions --debugger-agent=transport=dt_socket,embedding=1,server=y,suspend=n,address=127.0.0.1:56428
Begin MonoManager ReloadAssembly
Registering precompiled unity dll's ...
Register platform support module: C:/Program Files/Unity/Hub/Editor/2021.1.0a9/Editor/Data/PlaybackEngines/WindowsStandaloneSupport/UnityEditor.WindowsStandalone.Extensions.dll
Registered in 0.002385 seconds.
Native extension for WindowsStandalone target not found
Refreshing native plugins compatible for Editor in 60.86 ms, found 0 plugins.
Preloading 0 native plugins for Editor in 0.00 ms.
Mono: successfully reloaded assembly
- Completed reload, in  1.140 seconds
Platform modules already initialized, skipping
Registering precompiled user dll's ...
Registered in 0.000996 seconds.
Begin MonoManager ReloadAssembly
Native extension for WindowsStandalone target not found
Refreshing native plugins compatible for Editor in 0.62 ms, found 0 plugins.
Preloading 0 native plugins for Editor in 0.00 ms.
Mono: successfully reloaded assembly
- Completed reload, in  0.906 seconds
Platform modules already initialized, skipping
========================================================================
Worker process is ready to serve import requests
Launched and connected shader compiler UnityShaderCompiler.exe after 0.05 seconds
Refreshing native plugins compatible for Editor in 0.60 ms, found 0 plugins.
Preloading 0 native plugins for Editor in 0.00 ms.
Unloading 1262 Unused Serialized files (Serialized files now loaded: 0)
System memory in use before: 201.0 MB.
System memory in use after: 201.1 MB.

Unloading 10 unused Assets to reduce memory usage. Loaded Objects now: 1721.
Total: 1.861000 ms (FindLiveObjects: 0.118600 ms CreateObjectMapping: 0.043100 ms MarkObjects: 1.609900 ms  DeleteObjects: 0.088500 ms)

========================================================================
Received Import Request.
  path: Assets/CustomerResource/UI/Bag/RoleUI.prefab
  artifactKey: Guid(48c4a939b7b406a4b8708c42628cda34) Importer(815301076,1909f56bfc062723c751e8b465ee728b)
Start importing Assets/CustomerResource/UI/Bag/RoleUI.prefab using Guid(48c4a939b7b406a4b8708c42628cda34) Importer(815301076,1909f56bfc062723c751e8b465ee728b)  -> (artifact id: 'aeb45cbacd7a0a790496ad392c7e50dc') in 0.095490 seconds 
========================================================================
Received Import Request.
  Time since last request: 0.018567 seconds.
  path: Assets/CustomerResource/UI/Bag/RoleWindow.prefab
  artifactKey: Guid(df6c75c301b814c4396ddb2351d06af3) Importer(815301076,1909f56bfc062723c751e8b465ee728b)
Start importing Assets/CustomerResource/UI/Bag/RoleWindow.prefab using Guid(df6c75c301b814c4396ddb2351d06af3) Importer(815301076,1909f56bfc062723c751e8b465ee728b)  -> (artifact id: '0a44b66f2cf78e5d42afd998aef232dc') in 0.151455 seconds 
AssetImportWorkerClient::OnTransportError - code=2 error=End of file
