Using pre-set license
Built from 'trunk' branch; Version is '2021.1.0a9 (18321e85013a) revision 1585694'; Using compiler version '192528614'; Build Type 'Release'
OS: 'Windows 10 Pro; OS build 19041.804; Version 2004; 64bit' Language: 'zh' Physical Memory: 24446 MB
BatchMode: 1, IsHumanControllingUs: 0, StartBugReporterOnCrash: 0, Is64bit: 1, IsPro: 0

 COMMAND LINE ARGUMENTS:
C:\Program Files\Unity\Hub\Editor\2021.1.0a9\Editor\Unity.exe
-adb2
-batchMode
-noUpm
-name
AssetImportWorker2
-projectPath
D:/yellow/hithub/XHSJ/XHSJ/XX
-logFile
Logs/AssetImportWorker2.log
-srvPort
59977
Successfully changed project path to: D:/yellow/hithub/XHSJ/XHSJ/XX
D:/yellow/hithub/XHSJ/XHSJ/XX
Using Asset Import Pipeline V2.
Refreshing native plugins compatible for Editor in 188.00 ms, found 0 plugins.
Preloading 0 native plugins for Editor in 0.00 ms.
Initialize engine version: 2021.1.0a9 (18321e85013a)
[Subsystems] Discovering subsystems at path C:/Program Files/Unity/Hub/Editor/2021.1.0a9/Editor/Data/Resources/UnitySubsystems
[Subsystems] Discovering subsystems at path D:/yellow/hithub/XHSJ/XHSJ/XX/Assets
GfxDevice: creating device client; threaded=0; jobified=0
Direct3D:
    Version:  Direct3D 11.0 [level 11.1]
    Renderer: NVIDIA GeForce GTX 1050 (ID=0x1c81)
    Vendor:   
    VRAM:     1977 MB
    Driver:   27.21.14.5671
Initialize mono
Mono path[0] = 'C:/Program Files/Unity/Hub/Editor/2021.1.0a9/Editor/Data/Managed'
Mono path[1] = 'C:/Program Files/Unity/Hub/Editor/2021.1.0a9/Editor/Data/MonoBleedingEdge/lib/mono/unityjit'
Mono config path = 'C:/Program Files/Unity/Hub/Editor/2021.1.0a9/Editor/Data/MonoBleedingEdge/etc'
Using monoOptions --debugger-agent=transport=dt_socket,embedding=1,server=y,suspend=n,address=127.0.0.1:56616
Begin MonoManager ReloadAssembly
Registering precompiled unity dll's ...
Register platform support module: C:/Program Files/Unity/Hub/Editor/2021.1.0a9/Editor/Data/PlaybackEngines/WindowsStandaloneSupport/UnityEditor.WindowsStandalone.Extensions.dll
Registered in 0.019817 seconds.
Native extension for WindowsStandalone target not found
Refreshing native plugins compatible for Editor in 152.13 ms, found 0 plugins.
Preloading 0 native plugins for Editor in 0.00 ms.
Mono: successfully reloaded assembly
- Completed reload, in  9.686 seconds
Platform modules already initialized, skipping
Registering precompiled user dll's ...
Registered in 0.001575 seconds.
Begin MonoManager ReloadAssembly
Native extension for WindowsStandalone target not found
Refreshing native plugins compatible for Editor in 0.73 ms, found 0 plugins.
Preloading 0 native plugins for Editor in 0.00 ms.
Mono: successfully reloaded assembly
- Completed reload, in  1.398 seconds
Platform modules already initialized, skipping
========================================================================
Worker process is ready to serve import requests
Launched and connected shader compiler UnityShaderCompiler.exe after 0.11 seconds
Refreshing native plugins compatible for Editor in 2.42 ms, found 0 plugins.
Preloading 0 native plugins for Editor in 0.00 ms.
Unloading 1233 Unused Serialized files (Serialized files now loaded: 0)
System memory in use before: 200.1 MB.
System memory in use after: 200.1 MB.

Unloading 10 unused Assets to reduce memory usage. Loaded Objects now: 1692.
Total: 2.702400 ms (FindLiveObjects: 0.366000 ms CreateObjectMapping: 0.084500 ms MarkObjects: 2.140800 ms  DeleteObjects: 0.108400 ms)

========================================================================
Received Import Request.
  path: Assets/CustomerResource/UI/Pop/ItemTips.prefab
  artifactKey: Guid(b016b6fb170aa9a458e46a588ae96d06) Importer(815301076,1909f56bfc062723c751e8b465ee728b)
Start importing Assets/CustomerResource/UI/Pop/ItemTips.prefab using Guid(b016b6fb170aa9a458e46a588ae96d06) Importer(815301076,1909f56bfc062723c751e8b465ee728b)  -> (artifact id: 'edf077fb07ce3753ae22e68a86d5aaf5') in 0.275516 seconds 
========================================================================
Received Prepare
Registering precompiled user dll's ...
Registered in 0.003581 seconds.
Begin MonoManager ReloadAssembly
Native extension for WindowsStandalone target not found
Refreshing native plugins compatible for Editor in 0.95 ms, found 0 plugins.
Preloading 0 native plugins for Editor in 0.00 ms.
Mono: successfully reloaded assembly
- Completed reload, in  1.871 seconds
Platform modules already initialized, skipping
Refreshing native plugins compatible for Editor in 1.24 ms, found 0 plugins.
Preloading 0 native plugins for Editor in 0.00 ms.
Unloading 1212 Unused Serialized files (Serialized files now loaded: 0)
System memory in use before: 199.2 MB.
System memory in use after: 199.3 MB.

Unloading 5 unused Assets to reduce memory usage. Loaded Objects now: 1694.
Total: 2.474700 ms (FindLiveObjects: 0.230400 ms CreateObjectMapping: 0.067200 ms MarkObjects: 2.116800 ms  DeleteObjects: 0.058900 ms)

========================================================================
Received Import Request.
  Time since last request: 106.462565 seconds.
  path: Assets/CustomerResource/UI/Pop/ItemTips.prefab
  artifactKey: Guid(b016b6fb170aa9a458e46a588ae96d06) Importer(815301076,1909f56bfc062723c751e8b465ee728b)
Start importing Assets/CustomerResource/UI/Pop/ItemTips.prefab using Guid(b016b6fb170aa9a458e46a588ae96d06) Importer(815301076,1909f56bfc062723c751e8b465ee728b)  -> (artifact id: '6a3667ee0a46648fbd0b97a45964f418') in 0.222474 seconds 
========================================================================
Received Prepare
Registering precompiled user dll's ...
Registered in 0.001925 seconds.
Begin MonoManager ReloadAssembly
Native extension for WindowsStandalone target not found
Refreshing native plugins compatible for Editor in 0.72 ms, found 0 plugins.
Preloading 0 native plugins for Editor in 0.00 ms.
Mono: successfully reloaded assembly
- Completed reload, in  3.094 seconds
Platform modules already initialized, skipping
Refreshing native plugins compatible for Editor in 0.83 ms, found 0 plugins.
Preloading 0 native plugins for Editor in 0.00 ms.
Unloading 1212 Unused Serialized files (Serialized files now loaded: 0)
System memory in use before: 199.4 MB.
System memory in use after: 199.5 MB.

Unloading 5 unused Assets to reduce memory usage. Loaded Objects now: 1696.
Total: 2.761200 ms (FindLiveObjects: 0.212800 ms CreateObjectMapping: 0.094200 ms MarkObjects: 2.297200 ms  DeleteObjects: 0.155200 ms)

========================================================================
Received Prepare
Registering precompiled user dll's ...
Registered in 0.002919 seconds.
Begin MonoManager ReloadAssembly
Native extension for WindowsStandalone target not found
Refreshing native plugins compatible for Editor in 0.90 ms, found 0 plugins.
Preloading 0 native plugins for Editor in 0.00 ms.
Mono: successfully reloaded assembly
- Completed reload, in  3.320 seconds
Platform modules already initialized, skipping
Refreshing native plugins compatible for Editor in 0.91 ms, found 0 plugins.
Preloading 0 native plugins for Editor in 0.00 ms.
Unloading 1212 Unused Serialized files (Serialized files now loaded: 0)
System memory in use before: 200.2 MB.
System memory in use after: 200.2 MB.

Unloading 5 unused Assets to reduce memory usage. Loaded Objects now: 1698.
Total: 2.833900 ms (FindLiveObjects: 0.239700 ms CreateObjectMapping: 0.118000 ms MarkObjects: 2.414500 ms  DeleteObjects: 0.060400 ms)

========================================================================
Received Import Request.
  Time since last request: 88.355526 seconds.
  path: Assets/CustomerResource/UI/Pop/ShowShapeMask.prefab
  artifactKey: Guid(ea9ab12a5dccf134db8c677a64c2fdf7) Importer(815301076,1909f56bfc062723c751e8b465ee728b)
Start importing Assets/CustomerResource/UI/Pop/ShowShapeMask.prefab using Guid(ea9ab12a5dccf134db8c677a64c2fdf7) Importer(815301076,1909f56bfc062723c751e8b465ee728b)  -> (artifact id: 'fea606227b9944790f7e9dd009ff6ba5') in 0.075888 seconds 
========================================================================
Received Prepare
Registering precompiled user dll's ...
Registered in 0.003014 seconds.
Begin MonoManager ReloadAssembly
Native extension for WindowsStandalone target not found
Refreshing native plugins compatible for Editor in 0.82 ms, found 0 plugins.
Preloading 0 native plugins for Editor in 0.00 ms.
Mono: successfully reloaded assembly
- Completed reload, in  2.237 seconds
Platform modules already initialized, skipping
Refreshing native plugins compatible for Editor in 0.99 ms, found 0 plugins.
Preloading 0 native plugins for Editor in 0.00 ms.
Unloading 1212 Unused Serialized files (Serialized files now loaded: 0)
System memory in use before: 200.4 MB.
System memory in use after: 200.5 MB.

Unloading 5 unused Assets to reduce memory usage. Loaded Objects now: 1700.
Total: 2.659800 ms (FindLiveObjects: 0.167900 ms CreateObjectMapping: 0.060000 ms MarkObjects: 2.363100 ms  DeleteObjects: 0.067200 ms)

========================================================================
Received Import Request.
  Time since last request: 625.526744 seconds.
  path: Assets/CustomerResource/Texture/zzz/mask_yuan.png
  artifactKey: Guid(f90d63bcf1ee9f0459689c46a9f6a853) Importer(815301076,1909f56bfc062723c751e8b465ee728b)
Start importing Assets/CustomerResource/Texture/zzz/mask_yuan.png using Guid(f90d63bcf1ee9f0459689c46a9f6a853) Importer(815301076,1909f56bfc062723c751e8b465ee728b)  -> (artifact id: 'a3f0ba8e614b9d667091570b000244f1') in 0.187077 seconds 
========================================================================
Received Import Request.
  Time since last request: 29.340174 seconds.
  path: Assets/CustomerResource/Texture/zzz/mask_fang.png
  artifactKey: Guid(07857f8d7996ca44d8e0285614f758ff) Importer(815301076,1909f56bfc062723c751e8b465ee728b)
Start importing Assets/CustomerResource/Texture/zzz/mask_fang.png using Guid(07857f8d7996ca44d8e0285614f758ff) Importer(815301076,1909f56bfc062723c751e8b465ee728b)  -> (artifact id: 'ae4b100bcdf62a6ad254a4cc2fe4a5bc') in 0.038499 seconds 
========================================================================
Received Import Request.
  Time since last request: 14.037877 seconds.
  path: Assets/CustomerResource/Texture/zzz/mask_fang.png
  artifactKey: Guid(07857f8d7996ca44d8e0285614f758ff) Importer(815301076,1909f56bfc062723c751e8b465ee728b)
Start importing Assets/CustomerResource/Texture/zzz/mask_fang.png using Guid(07857f8d7996ca44d8e0285614f758ff) Importer(815301076,1909f56bfc062723c751e8b465ee728b)  -> (artifact id: 'a56a619a98f615e17ebe8384bb02a874') in 0.061832 seconds 
========================================================================
Received Import Request.
  Time since last request: 0.660856 seconds.
  path: Assets/CustomerResource/Texture/zzz/mask_yuan.png
  artifactKey: Guid(f90d63bcf1ee9f0459689c46a9f6a853) Importer(815301076,1909f56bfc062723c751e8b465ee728b)
Start importing Assets/CustomerResource/Texture/zzz/mask_yuan.png using Guid(f90d63bcf1ee9f0459689c46a9f6a853) Importer(815301076,1909f56bfc062723c751e8b465ee728b)  -> (artifact id: '3dd9275cc5b554beb479fe8514de79c4') in 0.020076 seconds 
========================================================================
Received Import Request.
  Time since last request: 5.765121 seconds.
  path: Assets/CustomerResource/Texture/zzz/mask_yuan.png
  artifactKey: Guid(f90d63bcf1ee9f0459689c46a9f6a853) Importer(815301076,1909f56bfc062723c751e8b465ee728b)
Start importing Assets/CustomerResource/Texture/zzz/mask_yuan.png using Guid(f90d63bcf1ee9f0459689c46a9f6a853) Importer(815301076,1909f56bfc062723c751e8b465ee728b)  -> (artifact id: '5cf360d34bbb57add45b70d336436b09') in 0.049480 seconds 
========================================================================
Received Import Request.
  Time since last request: 132.177625 seconds.
  path: Assets/CustomerResource/Texture/zzz/white.png
  artifactKey: Guid(cb19e35180338e448a42cc3d231accfd) Importer(815301076,1909f56bfc062723c751e8b465ee728b)
Start importing Assets/CustomerResource/Texture/zzz/white.png using Guid(cb19e35180338e448a42cc3d231accfd) Importer(815301076,1909f56bfc062723c751e8b465ee728b)  -> (artifact id: 'e7c225df837a0d656f7f98bedcc578e8') in 0.037873 seconds 
========================================================================
Received Import Request.
  Time since last request: 2.387011 seconds.
  path: Assets/CustomerResource/Texture/zzz/white.png
  artifactKey: Guid(cb19e35180338e448a42cc3d231accfd) Importer(815301076,1909f56bfc062723c751e8b465ee728b)
Start importing Assets/CustomerResource/Texture/zzz/white.png using Guid(cb19e35180338e448a42cc3d231accfd) Importer(815301076,1909f56bfc062723c751e8b465ee728b)  -> (artifact id: '2bb44b66cc64e6de19cd17c1daa0beb0') in 0.034130 seconds 
========================================================================
Received Import Request.
  Time since last request: 101.581688 seconds.
  path: Assets/CustomerResource/Texture/zzz/white.png
  artifactKey: Guid(cb19e35180338e448a42cc3d231accfd) Importer(815301076,1909f56bfc062723c751e8b465ee728b)
Start importing Assets/CustomerResource/Texture/zzz/white.png using Guid(cb19e35180338e448a42cc3d231accfd) Importer(815301076,1909f56bfc062723c751e8b465ee728b)  -> (artifact id: '4dcb3098e879dd31f684302ea9a6d52f') in 0.068783 seconds 
========================================================================
Received Import Request.
  Time since last request: 179.194469 seconds.
  path: Assets/CustomerResource/Texture/zzz/mask_fang.png
  artifactKey: Guid(07857f8d7996ca44d8e0285614f758ff) Importer(815301076,1909f56bfc062723c751e8b465ee728b)
Start importing Assets/CustomerResource/Texture/zzz/mask_fang.png using Guid(07857f8d7996ca44d8e0285614f758ff) Importer(815301076,1909f56bfc062723c751e8b465ee728b)  -> (artifact id: '01ad702b7b9e0a1a262472069929bf99') in 0.068384 seconds 
========================================================================
Received Import Request.
  Time since last request: 51.874957 seconds.
  path: Assets/CustomerResource/Texture/zzz/mask_fang.png
  artifactKey: Guid(07857f8d7996ca44d8e0285614f758ff) Importer(815301076,1909f56bfc062723c751e8b465ee728b)
Start importing Assets/CustomerResource/Texture/zzz/mask_fang.png using Guid(07857f8d7996ca44d8e0285614f758ff) Importer(815301076,1909f56bfc062723c751e8b465ee728b)  -> (artifact id: '11259237c8b64ce5046fd340be6d02ad') in 0.030908 seconds 
========================================================================
Received Import Request.
  Time since last request: 47.694502 seconds.
  path: Assets/CustomerResource/UI/Pop/ShowShapeMask.prefab
  artifactKey: Guid(ea9ab12a5dccf134db8c677a64c2fdf7) Importer(815301076,1909f56bfc062723c751e8b465ee728b)
Start importing Assets/CustomerResource/UI/Pop/ShowShapeMask.prefab using Guid(ea9ab12a5dccf134db8c677a64c2fdf7) Importer(815301076,1909f56bfc062723c751e8b465ee728b)  -> (artifact id: '858b5172e6bea6cf706a76ea0f9813ae') in 0.085172 seconds 
========================================================================
Received Prepare
Registering precompiled user dll's ...
Registered in 0.003096 seconds.
Begin MonoManager ReloadAssembly
Native extension for WindowsStandalone target not found
Refreshing native plugins compatible for Editor in 9.07 ms, found 0 plugins.
Preloading 0 native plugins for Editor in 0.00 ms.
Mono: successfully reloaded assembly
- Completed reload, in  4.086 seconds
Platform modules already initialized, skipping
Refreshing native plugins compatible for Editor in 2.55 ms, found 0 plugins.
Preloading 0 native plugins for Editor in 0.00 ms.
Unloading 1215 Unused Serialized files (Serialized files now loaded: 0)
System memory in use before: 208.1 MB.
System memory in use after: 208.2 MB.

Unloading 5 unused Assets to reduce memory usage. Loaded Objects now: 1856.
Total: 2.386800 ms (FindLiveObjects: 0.165600 ms CreateObjectMapping: 0.070000 ms MarkObjects: 2.082800 ms  DeleteObjects: 0.066600 ms)

========================================================================
Received Prepare
Registering precompiled user dll's ...
Registered in 0.001491 seconds.
Begin MonoManager ReloadAssembly
Native extension for WindowsStandalone target not found
Refreshing native plugins compatible for Editor in 0.69 ms, found 0 plugins.
Preloading 0 native plugins for Editor in 0.00 ms.
Mono: successfully reloaded assembly
- Completed reload, in  1.424 seconds
Platform modules already initialized, skipping
Refreshing native plugins compatible for Editor in 0.65 ms, found 0 plugins.
Preloading 0 native plugins for Editor in 0.00 ms.
Unloading 1212 Unused Serialized files (Serialized files now loaded: 0)
System memory in use before: 208.3 MB.
System memory in use after: 208.4 MB.

Unloading 5 unused Assets to reduce memory usage. Loaded Objects now: 1858.
Total: 2.215100 ms (FindLiveObjects: 0.154800 ms CreateObjectMapping: 0.049300 ms MarkObjects: 1.943800 ms  DeleteObjects: 0.065700 ms)

========================================================================
Received Import Request.
  Time since last request: 293.669322 seconds.
  path: Assets/CustomerResource/UI/Pop/ShowShapeMask.prefab
  artifactKey: Guid(ea9ab12a5dccf134db8c677a64c2fdf7) Importer(815301076,1909f56bfc062723c751e8b465ee728b)
Start importing Assets/CustomerResource/UI/Pop/ShowShapeMask.prefab using Guid(ea9ab12a5dccf134db8c677a64c2fdf7) Importer(815301076,1909f56bfc062723c751e8b465ee728b)  -> (artifact id: '0aa7c336226d48b77a6ef60a1d2f0884') in 0.158884 seconds 
========================================================================
Received Prepare
Registering precompiled user dll's ...
Registered in 0.001110 seconds.
Begin MonoManager ReloadAssembly
Native extension for WindowsStandalone target not found
Refreshing native plugins compatible for Editor in 1.61 ms, found 0 plugins.
Preloading 0 native plugins for Editor in 0.00 ms.
Mono: successfully reloaded assembly
- Completed reload, in  1.365 seconds
Platform modules already initialized, skipping
Refreshing native plugins compatible for Editor in 0.69 ms, found 0 plugins.
Preloading 0 native plugins for Editor in 0.00 ms.
Unloading 1212 Unused Serialized files (Serialized files now loaded: 0)
System memory in use before: 207.8 MB.
System memory in use after: 207.9 MB.

Unloading 5 unused Assets to reduce memory usage. Loaded Objects now: 1860.
Total: 2.797800 ms (FindLiveObjects: 0.166300 ms CreateObjectMapping: 0.120500 ms MarkObjects: 2.451300 ms  DeleteObjects: 0.058400 ms)

========================================================================
Received Import Request.
  Time since last request: 302.834241 seconds.
  path: Assets/CustomerResource/UI/Pop/ShowShapeMask.prefab
  artifactKey: Guid(ea9ab12a5dccf134db8c677a64c2fdf7) Importer(815301076,1909f56bfc062723c751e8b465ee728b)
Start importing Assets/CustomerResource/UI/Pop/ShowShapeMask.prefab using Guid(ea9ab12a5dccf134db8c677a64c2fdf7) Importer(815301076,1909f56bfc062723c751e8b465ee728b)  -> (artifact id: '2481e21eb94d89211a75969864ad3ae7') in 0.169857 seconds 
========================================================================
Received Import Request.
  Time since last request: 16.086902 seconds.
  path: Assets/CustomerResource/UI/Pop/ShowShapeMask.prefab
  artifactKey: Guid(ea9ab12a5dccf134db8c677a64c2fdf7) Importer(815301076,1909f56bfc062723c751e8b465ee728b)
Start importing Assets/CustomerResource/UI/Pop/ShowShapeMask.prefab using Guid(ea9ab12a5dccf134db8c677a64c2fdf7) Importer(815301076,1909f56bfc062723c751e8b465ee728b)  -> (artifact id: 'c7a71e1a25193e4ace13cf78d0e9b915') in 0.034010 seconds 
========================================================================
Received Prepare
Registering precompiled user dll's ...
Registered in 0.002767 seconds.
Begin MonoManager ReloadAssembly
Native extension for WindowsStandalone target not found
Refreshing native plugins compatible for Editor in 3.04 ms, found 0 plugins.
Preloading 0 native plugins for Editor in 0.00 ms.
Mono: successfully reloaded assembly
- Completed reload, in  3.712 seconds
Platform modules already initialized, skipping
Refreshing native plugins compatible for Editor in 1.15 ms, found 0 plugins.
Preloading 0 native plugins for Editor in 0.00 ms.
Unloading 1212 Unused Serialized files (Serialized files now loaded: 0)
System memory in use before: 208.3 MB.
System memory in use after: 208.4 MB.

Unloading 5 unused Assets to reduce memory usage. Loaded Objects now: 1862.
Total: 16.609000 ms (FindLiveObjects: 1.682600 ms CreateObjectMapping: 0.102300 ms MarkObjects: 14.479700 ms  DeleteObjects: 0.342100 ms)

========================================================================
Received Prepare
Registering precompiled user dll's ...
Registered in 0.001648 seconds.
Begin MonoManager ReloadAssembly
Native extension for WindowsStandalone target not found
Refreshing native plugins compatible for Editor in 1.44 ms, found 0 plugins.
Preloading 0 native plugins for Editor in 0.00 ms.
Mono: successfully reloaded assembly
- Completed reload, in  1.395 seconds
Platform modules already initialized, skipping
Refreshing native plugins compatible for Editor in 0.93 ms, found 0 plugins.
Preloading 0 native plugins for Editor in 0.00 ms.
Unloading 1212 Unused Serialized files (Serialized files now loaded: 0)
System memory in use before: 208.4 MB.
System memory in use after: 208.5 MB.

Unloading 5 unused Assets to reduce memory usage. Loaded Objects now: 1864.
Total: 3.302900 ms (FindLiveObjects: 0.278800 ms CreateObjectMapping: 0.074300 ms MarkObjects: 2.891200 ms  DeleteObjects: 0.056400 ms)

========================================================================
Received Prepare
Registering precompiled user dll's ...
Registered in 0.003006 seconds.
Begin MonoManager ReloadAssembly
Native extension for WindowsStandalone target not found
Refreshing native plugins compatible for Editor in 0.62 ms, found 0 plugins.
Preloading 0 native plugins for Editor in 0.00 ms.
Mono: successfully reloaded assembly
- Completed reload, in  2.063 seconds
Platform modules already initialized, skipping
Refreshing native plugins compatible for Editor in 0.62 ms, found 0 plugins.
Preloading 0 native plugins for Editor in 0.00 ms.
Unloading 1212 Unused Serialized files (Serialized files now loaded: 0)
System memory in use before: 208.2 MB.
System memory in use after: 208.3 MB.

Unloading 5 unused Assets to reduce memory usage. Loaded Objects now: 1866.
Total: 3.157600 ms (FindLiveObjects: 0.164900 ms CreateObjectMapping: 0.131700 ms MarkObjects: 2.796500 ms  DeleteObjects: 0.062800 ms)

========================================================================
Received Prepare
Registering precompiled user dll's ...
Registered in 0.006362 seconds.
Begin MonoManager ReloadAssembly
Native extension for WindowsStandalone target not found
Refreshing native plugins compatible for Editor in 1.72 ms, found 0 plugins.
Preloading 0 native plugins for Editor in 0.00 ms.
Mono: successfully reloaded assembly
- Completed reload, in  2.926 seconds
Platform modules already initialized, skipping
Refreshing native plugins compatible for Editor in 0.71 ms, found 0 plugins.
Preloading 0 native plugins for Editor in 0.00 ms.
Unloading 1212 Unused Serialized files (Serialized files now loaded: 0)
System memory in use before: 208.4 MB.
System memory in use after: 208.5 MB.

Unloading 5 unused Assets to reduce memory usage. Loaded Objects now: 1868.
Total: 2.654600 ms (FindLiveObjects: 0.630100 ms CreateObjectMapping: 0.302300 ms MarkObjects: 1.656900 ms  DeleteObjects: 0.063400 ms)

========================================================================
Received Import Request.
  Time since last request: 3880.507054 seconds.
  path: Assets/CustomerResource/Texture/zzz/mask_fang.png
  artifactKey: Guid(07857f8d7996ca44d8e0285614f758ff) Importer(815301076,1909f56bfc062723c751e8b465ee728b)
Start importing Assets/CustomerResource/Texture/zzz/mask_fang.png using Guid(07857f8d7996ca44d8e0285614f758ff) Importer(815301076,1909f56bfc062723c751e8b465ee728b)  -> (artifact id: '6bf86469f59a5a219c9a4868fe7ee927') in 0.113309 seconds 
========================================================================
Received Prepare
Registering precompiled user dll's ...
Registered in 0.002114 seconds.
Begin MonoManager ReloadAssembly
Native extension for WindowsStandalone target not found
Refreshing native plugins compatible for Editor in 0.91 ms, found 0 plugins.
Preloading 0 native plugins for Editor in 0.00 ms.
Mono: successfully reloaded assembly
- Completed reload, in  2.443 seconds
Platform modules already initialized, skipping
Refreshing native plugins compatible for Editor in 0.80 ms, found 0 plugins.
Preloading 0 native plugins for Editor in 0.00 ms.
Unloading 1212 Unused Serialized files (Serialized files now loaded: 0)
System memory in use before: 208.5 MB.
System memory in use after: 208.5 MB.

Unloading 5 unused Assets to reduce memory usage. Loaded Objects now: 1887.
Total: 4.345200 ms (FindLiveObjects: 0.412800 ms CreateObjectMapping: 0.081500 ms MarkObjects: 3.658000 ms  DeleteObjects: 0.191000 ms)

========================================================================
Received Prepare
Registering precompiled user dll's ...
Registered in 0.002458 seconds.
Begin MonoManager ReloadAssembly
Native extension for WindowsStandalone target not found
Refreshing native plugins compatible for Editor in 0.60 ms, found 0 plugins.
Preloading 0 native plugins for Editor in 0.00 ms.
Mono: successfully reloaded assembly
- Completed reload, in  1.456 seconds
Platform modules already initialized, skipping
Refreshing native plugins compatible for Editor in 0.73 ms, found 0 plugins.
Preloading 0 native plugins for Editor in 0.00 ms.
Unloading 1212 Unused Serialized files (Serialized files now loaded: 0)
System memory in use before: 208.8 MB.
System memory in use after: 208.9 MB.

Unloading 5 unused Assets to reduce memory usage. Loaded Objects now: 1889.
Total: 2.274300 ms (FindLiveObjects: 0.194400 ms CreateObjectMapping: 0.054300 ms MarkObjects: 1.963300 ms  DeleteObjects: 0.060500 ms)

========================================================================
Received Prepare
Registering precompiled user dll's ...
Registered in 0.002148 seconds.
Begin MonoManager ReloadAssembly
Native extension for WindowsStandalone target not found
Refreshing native plugins compatible for Editor in 1.10 ms, found 0 plugins.
Preloading 0 native plugins for Editor in 0.00 ms.
Mono: successfully reloaded assembly
- Completed reload, in  3.449 seconds
Platform modules already initialized, skipping
Refreshing native plugins compatible for Editor in 0.65 ms, found 0 plugins.
Preloading 0 native plugins for Editor in 0.00 ms.
Unloading 1212 Unused Serialized files (Serialized files now loaded: 0)
System memory in use before: 208.4 MB.
System memory in use after: 208.4 MB.

Unloading 5 unused Assets to reduce memory usage. Loaded Objects now: 1891.
Total: 6.197400 ms (FindLiveObjects: 0.145900 ms CreateObjectMapping: 0.046400 ms MarkObjects: 5.932800 ms  DeleteObjects: 0.070700 ms)

========================================================================
Received Prepare
Registering precompiled user dll's ...
Registered in 0.002279 seconds.
Begin MonoManager ReloadAssembly
Native extension for WindowsStandalone target not found
Refreshing native plugins compatible for Editor in 5.42 ms, found 0 plugins.
Preloading 0 native plugins for Editor in 0.00 ms.
Mono: successfully reloaded assembly
- Completed reload, in  6.659 seconds
Platform modules already initialized, skipping
Refreshing native plugins compatible for Editor in 1.98 ms, found 0 plugins.
Preloading 0 native plugins for Editor in 0.00 ms.
Unloading 1212 Unused Serialized files (Serialized files now loaded: 0)
System memory in use before: 208.8 MB.
System memory in use after: 208.9 MB.

Unloading 5 unused Assets to reduce memory usage. Loaded Objects now: 1893.
Total: 26.830300 ms (FindLiveObjects: 0.401000 ms CreateObjectMapping: 0.132700 ms MarkObjects: 25.370300 ms  DeleteObjects: 0.924100 ms)

========================================================================
Received Prepare
Registering precompiled user dll's ...
Registered in 0.013031 seconds.
Begin MonoManager ReloadAssembly
Native extension for WindowsStandalone target not found
Refreshing native plugins compatible for Editor in 0.69 ms, found 0 plugins.
Preloading 0 native plugins for Editor in 0.00 ms.
Mono: successfully reloaded assembly
- Completed reload, in 23.433 seconds
Platform modules already initialized, skipping
Refreshing native plugins compatible for Editor in 0.64 ms, found 0 plugins.
Preloading 0 native plugins for Editor in 0.00 ms.
Unloading 1212 Unused Serialized files (Serialized files now loaded: 0)
System memory in use before: 208.9 MB.
System memory in use after: 209.0 MB.

Unloading 5 unused Assets to reduce memory usage. Loaded Objects now: 1895.
Total: 1.821800 ms (FindLiveObjects: 0.210300 ms CreateObjectMapping: 0.047100 ms MarkObjects: 1.513200 ms  DeleteObjects: 0.050300 ms)

========================================================================
Received Prepare
Registering precompiled user dll's ...
Registered in 0.001015 seconds.
Begin MonoManager ReloadAssembly
Native extension for WindowsStandalone target not found
Refreshing native plugins compatible for Editor in 0.60 ms, found 0 plugins.
Preloading 0 native plugins for Editor in 0.00 ms.
Mono: successfully reloaded assembly
- Completed reload, in 11.393 seconds
Platform modules already initialized, skipping
Refreshing native plugins compatible for Editor in 0.78 ms, found 0 plugins.
Preloading 0 native plugins for Editor in 0.00 ms.
Unloading 1212 Unused Serialized files (Serialized files now loaded: 0)
System memory in use before: 208.7 MB.
System memory in use after: 208.8 MB.

Unloading 5 unused Assets to reduce memory usage. Loaded Objects now: 1897.
Total: 5.121000 ms (FindLiveObjects: 0.387100 ms CreateObjectMapping: 0.247100 ms MarkObjects: 4.418200 ms  DeleteObjects: 0.067000 ms)

========================================================================
Received Prepare
Registering precompiled user dll's ...
Registered in 0.047408 seconds.
Begin MonoManager ReloadAssembly
Native extension for WindowsStandalone target not found
Refreshing native plugins compatible for Editor in 4.52 ms, found 0 plugins.
Preloading 0 native plugins for Editor in 0.00 ms.
Mono: successfully reloaded assembly
- Completed reload, in 21.619 seconds
Platform modules already initialized, skipping
Refreshing native plugins compatible for Editor in 1.72 ms, found 0 plugins.
Preloading 0 native plugins for Editor in 0.00 ms.
Unloading 1212 Unused Serialized files (Serialized files now loaded: 0)
System memory in use before: 208.9 MB.
System memory in use after: 209.0 MB.

Unloading 5 unused Assets to reduce memory usage. Loaded Objects now: 1899.
Total: 48.165500 ms (FindLiveObjects: 1.826000 ms CreateObjectMapping: 0.331900 ms MarkObjects: 45.826800 ms  DeleteObjects: 0.179100 ms)

========================================================================
Received Prepare
Registering precompiled user dll's ...
Registered in 0.001708 seconds.
Begin MonoManager ReloadAssembly
Native extension for WindowsStandalone target not found
Refreshing native plugins compatible for Editor in 0.91 ms, found 0 plugins.
Preloading 0 native plugins for Editor in 0.00 ms.
Mono: successfully reloaded assembly
- Completed reload, in  2.518 seconds
Platform modules already initialized, skipping
Refreshing native plugins compatible for Editor in 0.60 ms, found 0 plugins.
Preloading 0 native plugins for Editor in 0.00 ms.
Unloading 1212 Unused Serialized files (Serialized files now loaded: 0)
System memory in use before: 208.6 MB.
System memory in use after: 208.7 MB.

Unloading 5 unused Assets to reduce memory usage. Loaded Objects now: 1901.
Total: 5.871100 ms (FindLiveObjects: 0.145400 ms CreateObjectMapping: 0.045800 ms MarkObjects: 2.885000 ms  DeleteObjects: 2.792900 ms)

========================================================================
Received Import Request.
  Time since last request: 2538.678791 seconds.
  path: Assets/CustomerResource/UI/Pop/ItemTips.prefab
  artifactKey: Guid(b016b6fb170aa9a458e46a588ae96d06) Importer(815301076,1909f56bfc062723c751e8b465ee728b)
Start importing Assets/CustomerResource/UI/Pop/ItemTips.prefab using Guid(b016b6fb170aa9a458e46a588ae96d06) Importer(815301076,1909f56bfc062723c751e8b465ee728b)  -> (artifact id: 'b02f4a419b444e65ebf0dc6c79bbff68') in 0.219052 seconds 
========================================================================
Received Import Request.
  Time since last request: 7.290250 seconds.
  path: Assets/CustomerResource/UI/Pop/itemTip.prefab
  artifactKey: Guid(01ba29d0f8260c542b7e767fa5f61381) Importer(815301076,1909f56bfc062723c751e8b465ee728b)
Start importing Assets/CustomerResource/UI/Pop/itemTip.prefab using Guid(01ba29d0f8260c542b7e767fa5f61381) Importer(815301076,1909f56bfc062723c751e8b465ee728b)  -> (artifact id: 'f4a28d1ad9f5876cb70e5b9ed7c302df') in 0.171759 seconds 
========================================================================
Received Import Request.
  Time since last request: 0.061001 seconds.
  path: Assets/CustomerResource/UI/Pop/itemTip.prefab
  artifactKey: Guid(01ba29d0f8260c542b7e767fa5f61381) Importer(815301076,1909f56bfc062723c751e8b465ee728b)
Start importing Assets/CustomerResource/UI/Pop/itemTip.prefab using Guid(01ba29d0f8260c542b7e767fa5f61381) Importer(815301076,1909f56bfc062723c751e8b465ee728b)  -> (artifact id: 'f4a28d1ad9f5876cb70e5b9ed7c302df') in 0.091967 seconds 
========================================================================
Received Import Request.
  Time since last request: 0.132442 seconds.
  path: Assets/CustomerResource/UI/Pop/ItemTips.prefab
  artifactKey: Guid(b016b6fb170aa9a458e46a588ae96d06) Importer(815301076,1909f56bfc062723c751e8b465ee728b)
Start importing Assets/CustomerResource/UI/Pop/ItemTips.prefab using Guid(b016b6fb170aa9a458e46a588ae96d06) Importer(815301076,1909f56bfc062723c751e8b465ee728b)  -> (artifact id: '14bbeff508ebe52a2320eb221e8fc375') in 0.079115 seconds 
========================================================================
Received Import Request.
  Time since last request: 2.678736 seconds.
  path: Assets/CustomerResource/UI/Pop/ItemTips.prefab
  artifactKey: Guid(b016b6fb170aa9a458e46a588ae96d06) Importer(815301076,1909f56bfc062723c751e8b465ee728b)
Start importing Assets/CustomerResource/UI/Pop/ItemTips.prefab using Guid(b016b6fb170aa9a458e46a588ae96d06) Importer(815301076,1909f56bfc062723c751e8b465ee728b)  -> (artifact id: '0d17a319545236c759dc1b93eaf302cb') in 0.067317 seconds 
========================================================================
Received Import Request.
  Time since last request: 3.870608 seconds.
  path: Assets/CustomerResource/UI/Pop/ItemTips.prefab
  artifactKey: Guid(b016b6fb170aa9a458e46a588ae96d06) Importer(815301076,1909f56bfc062723c751e8b465ee728b)
Start importing Assets/CustomerResource/UI/Pop/ItemTips.prefab using Guid(b016b6fb170aa9a458e46a588ae96d06) Importer(815301076,1909f56bfc062723c751e8b465ee728b)  -> (artifact id: '34733d47dc41d43224bf2272d70bc46f') in 0.162525 seconds 
========================================================================
Received Import Request.
  Time since last request: 6.374354 seconds.
  path: Assets/CustomerResource/UI/Pop/ItemTips.prefab
  artifactKey: Guid(b016b6fb170aa9a458e46a588ae96d06) Importer(815301076,1909f56bfc062723c751e8b465ee728b)
Start importing Assets/CustomerResource/UI/Pop/ItemTips.prefab using Guid(b016b6fb170aa9a458e46a588ae96d06) Importer(815301076,1909f56bfc062723c751e8b465ee728b)  -> (artifact id: 'de01c79b7f17bb6102fefd6ed1a5006e') in 0.061882 seconds 
========================================================================
Received Import Request.
  Time since last request: 2.746265 seconds.
  path: Assets/CustomerResource/UI/Pop/ItemTips.prefab
  artifactKey: Guid(b016b6fb170aa9a458e46a588ae96d06) Importer(815301076,1909f56bfc062723c751e8b465ee728b)
Start importing Assets/CustomerResource/UI/Pop/ItemTips.prefab using Guid(b016b6fb170aa9a458e46a588ae96d06) Importer(815301076,1909f56bfc062723c751e8b465ee728b)  -> (artifact id: '8c5704991ae16562c54def1504c56b85') in 0.039067 seconds 
========================================================================
Received Import Request.
  Time since last request: 6.512317 seconds.
  path: Assets/CustomerResource/UI/Pop/ItemTips.prefab
  artifactKey: Guid(b016b6fb170aa9a458e46a588ae96d06) Importer(815301076,1909f56bfc062723c751e8b465ee728b)
Start importing Assets/CustomerResource/UI/Pop/ItemTips.prefab using Guid(b016b6fb170aa9a458e46a588ae96d06) Importer(815301076,1909f56bfc062723c751e8b465ee728b)  -> (artifact id: '900252f0c8cf8be35e12e2899b58513d') in 0.073003 seconds 
========================================================================
Received Import Request.
  Time since last request: 17.686851 seconds.
  path: Assets/CustomerResource/UI/Pop/itemTip.prefab
  artifactKey: Guid(01ba29d0f8260c542b7e767fa5f61381) Importer(815301076,1909f56bfc062723c751e8b465ee728b)
Start importing Assets/CustomerResource/UI/Pop/itemTip.prefab using Guid(01ba29d0f8260c542b7e767fa5f61381) Importer(815301076,1909f56bfc062723c751e8b465ee728b)  -> (artifact id: '3b55c4ab9daba8e7cafce8c058257233') in 0.069047 seconds 
========================================================================
Received Import Request.
  Time since last request: 0.093257 seconds.
  path: Assets/CustomerResource/UI/Pop/ItemTips.prefab
  artifactKey: Guid(b016b6fb170aa9a458e46a588ae96d06) Importer(815301076,1909f56bfc062723c751e8b465ee728b)
Start importing Assets/CustomerResource/UI/Pop/ItemTips.prefab using Guid(b016b6fb170aa9a458e46a588ae96d06) Importer(815301076,1909f56bfc062723c751e8b465ee728b)  -> (artifact id: 'cc73b961bdd669f4259cd6d2f4f8058d') in 0.062312 seconds 
========================================================================
Received Import Request.
  Time since last request: 1.675910 seconds.
  path: Assets/CustomerResource/UI/Pop/itemTip.prefab
  artifactKey: Guid(01ba29d0f8260c542b7e767fa5f61381) Importer(815301076,1909f56bfc062723c751e8b465ee728b)
Start importing Assets/CustomerResource/UI/Pop/itemTip.prefab using Guid(01ba29d0f8260c542b7e767fa5f61381) Importer(815301076,1909f56bfc062723c751e8b465ee728b)  -> (artifact id: '4fe0ded8d732e2bc6de7f3b9acc4356b') in 0.140839 seconds 
========================================================================
Received Import Request.
  Time since last request: 0.091022 seconds.
  path: Assets/CustomerResource/UI/Pop/ItemTips.prefab
  artifactKey: Guid(b016b6fb170aa9a458e46a588ae96d06) Importer(815301076,1909f56bfc062723c751e8b465ee728b)
Start importing Assets/CustomerResource/UI/Pop/ItemTips.prefab using Guid(b016b6fb170aa9a458e46a588ae96d06) Importer(815301076,1909f56bfc062723c751e8b465ee728b)  -> (artifact id: '43d093fb9b8231a10b255d1d3e171437') in 0.110294 seconds 
========================================================================
Received Import Request.
  Time since last request: 4.855093 seconds.
  path: Assets/CustomerResource/UI/Pop/itemTip.prefab
  artifactKey: Guid(01ba29d0f8260c542b7e767fa5f61381) Importer(815301076,1909f56bfc062723c751e8b465ee728b)
Start importing Assets/CustomerResource/UI/Pop/itemTip.prefab using Guid(01ba29d0f8260c542b7e767fa5f61381) Importer(815301076,1909f56bfc062723c751e8b465ee728b)  -> (artifact id: '7ceba1d1262bce300756bc5206a09860') in 0.054403 seconds 
========================================================================
Received Import Request.
  Time since last request: 0.070913 seconds.
  path: Assets/CustomerResource/UI/Pop/ItemTips.prefab
  artifactKey: Guid(b016b6fb170aa9a458e46a588ae96d06) Importer(815301076,1909f56bfc062723c751e8b465ee728b)
Start importing Assets/CustomerResource/UI/Pop/ItemTips.prefab using Guid(b016b6fb170aa9a458e46a588ae96d06) Importer(815301076,1909f56bfc062723c751e8b465ee728b)  -> (artifact id: '0fe61ff65d22ebf6160249eccd628789') in 0.064208 seconds 
========================================================================
Received Import Request.
  Time since last request: 7.242083 seconds.
  path: Assets/CustomerResource/UI/Pop/itemTip.prefab
  artifactKey: Guid(01ba29d0f8260c542b7e767fa5f61381) Importer(815301076,1909f56bfc062723c751e8b465ee728b)
Start importing Assets/CustomerResource/UI/Pop/itemTip.prefab using Guid(01ba29d0f8260c542b7e767fa5f61381) Importer(815301076,1909f56bfc062723c751e8b465ee728b)  -> (artifact id: 'e7c91d389f375d77ea7d9ecb622755a6') in 0.060072 seconds 
========================================================================
Received Import Request.
  Time since last request: 0.145750 seconds.
  path: Assets/CustomerResource/UI/Pop/ItemTips.prefab
  artifactKey: Guid(b016b6fb170aa9a458e46a588ae96d06) Importer(815301076,1909f56bfc062723c751e8b465ee728b)
Start importing Assets/CustomerResource/UI/Pop/ItemTips.prefab using Guid(b016b6fb170aa9a458e46a588ae96d06) Importer(815301076,1909f56bfc062723c751e8b465ee728b)  -> (artifact id: 'e6d1833285bce9b88127b46168741686') in 0.098693 seconds 
========================================================================
Received Import Request.
  Time since last request: 35.431427 seconds.
  path: Assets/CustomerResource/UI/Pop/itemTip.prefab
  artifactKey: Guid(01ba29d0f8260c542b7e767fa5f61381) Importer(815301076,1909f56bfc062723c751e8b465ee728b)
Start importing Assets/CustomerResource/UI/Pop/itemTip.prefab using Guid(01ba29d0f8260c542b7e767fa5f61381) Importer(815301076,1909f56bfc062723c751e8b465ee728b)  -> (artifact id: 'df547ae1ee74ad103e51f5905ea877c5') in 0.059712 seconds 
========================================================================
Received Import Request.
  Time since last request: 0.201377 seconds.
  path: Assets/CustomerResource/UI/Pop/ItemTips.prefab
  artifactKey: Guid(b016b6fb170aa9a458e46a588ae96d06) Importer(815301076,1909f56bfc062723c751e8b465ee728b)
Start importing Assets/CustomerResource/UI/Pop/ItemTips.prefab using Guid(b016b6fb170aa9a458e46a588ae96d06) Importer(815301076,1909f56bfc062723c751e8b465ee728b)  -> (artifact id: '1b0b5e8d6b507ae167da358b79139999') in 0.061401 seconds 
========================================================================
Received Import Request.
  Time since last request: 7.353636 seconds.
  path: Assets/CustomerResource/UI/Pop/itemTip.prefab
  artifactKey: Guid(01ba29d0f8260c542b7e767fa5f61381) Importer(815301076,1909f56bfc062723c751e8b465ee728b)
Start importing Assets/CustomerResource/UI/Pop/itemTip.prefab using Guid(01ba29d0f8260c542b7e767fa5f61381) Importer(815301076,1909f56bfc062723c751e8b465ee728b)  -> (artifact id: 'f1c0a31caebbaa775952308729daa219') in 0.040031 seconds 
========================================================================
Received Import Request.
  Time since last request: 0.053290 seconds.
  path: Assets/CustomerResource/UI/Pop/ItemTips.prefab
  artifactKey: Guid(b016b6fb170aa9a458e46a588ae96d06) Importer(815301076,1909f56bfc062723c751e8b465ee728b)
Start importing Assets/CustomerResource/UI/Pop/ItemTips.prefab using Guid(b016b6fb170aa9a458e46a588ae96d06) Importer(815301076,1909f56bfc062723c751e8b465ee728b)  -> (artifact id: '8a73ddb3bc104ea01e829b759a9ebbdb') in 0.045841 seconds 
========================================================================
Received Import Request.
  Time since last request: 1.122236 seconds.
  path: Assets/CustomerResource/UI/Pop/itemTip.prefab
  artifactKey: Guid(01ba29d0f8260c542b7e767fa5f61381) Importer(815301076,1909f56bfc062723c751e8b465ee728b)
Start importing Assets/CustomerResource/UI/Pop/itemTip.prefab using Guid(01ba29d0f8260c542b7e767fa5f61381) Importer(815301076,1909f56bfc062723c751e8b465ee728b)  -> (artifact id: '0ec7930638099aad51828a131ab9ed16') in 0.065578 seconds 
========================================================================
Received Import Request.
  Time since last request: 0.107883 seconds.
  path: Assets/CustomerResource/UI/Pop/ItemTips.prefab
  artifactKey: Guid(b016b6fb170aa9a458e46a588ae96d06) Importer(815301076,1909f56bfc062723c751e8b465ee728b)
Start importing Assets/CustomerResource/UI/Pop/ItemTips.prefab using Guid(b016b6fb170aa9a458e46a588ae96d06) Importer(815301076,1909f56bfc062723c751e8b465ee728b)  -> (artifact id: '5f58b7bc482c624b99cdc2f0cb6b568c') in 0.070712 seconds 
========================================================================
Received Prepare
Registering precompiled user dll's ...
Registered in 0.356289 seconds.
Begin MonoManager ReloadAssembly
Native extension for WindowsStandalone target not found
Refreshing native plugins compatible for Editor in 0.71 ms, found 0 plugins.
Preloading 0 native plugins for Editor in 0.00 ms.
Mono: successfully reloaded assembly
- Completed reload, in  1.691 seconds
Platform modules already initialized, skipping
Refreshing native plugins compatible for Editor in 3.80 ms, found 0 plugins.
Preloading 0 native plugins for Editor in 0.00 ms.
Unloading 1212 Unused Serialized files (Serialized files now loaded: 0)
System memory in use before: 208.9 MB.
System memory in use after: 209.0 MB.

Unloading 5 unused Assets to reduce memory usage. Loaded Objects now: 1903.
Total: 5.092900 ms (FindLiveObjects: 0.164600 ms CreateObjectMapping: 0.047700 ms MarkObjects: 4.732500 ms  DeleteObjects: 0.146000 ms)

========================================================================
Received Prepare
Registering precompiled user dll's ...
Registered in 0.003679 seconds.
Begin MonoManager ReloadAssembly
Native extension for WindowsStandalone target not found
Refreshing native plugins compatible for Editor in 0.94 ms, found 0 plugins.
Preloading 0 native plugins for Editor in 0.00 ms.
Mono: successfully reloaded assembly
- Completed reload, in  3.548 seconds
Platform modules already initialized, skipping
Refreshing native plugins compatible for Editor in 2.21 ms, found 0 plugins.
Preloading 0 native plugins for Editor in 0.00 ms.
Unloading 1212 Unused Serialized files (Serialized files now loaded: 0)
System memory in use before: 208.5 MB.
System memory in use after: 208.6 MB.

Unloading 5 unused Assets to reduce memory usage. Loaded Objects now: 1905.
Total: 3.241500 ms (FindLiveObjects: 0.191500 ms CreateObjectMapping: 0.058000 ms MarkObjects: 2.926200 ms  DeleteObjects: 0.057600 ms)

========================================================================
Received Prepare
Registering precompiled user dll's ...
Registered in 0.003611 seconds.
Begin MonoManager ReloadAssembly
Native extension for WindowsStandalone target not found
Refreshing native plugins compatible for Editor in 0.94 ms, found 0 plugins.
Preloading 0 native plugins for Editor in 0.00 ms.
Mono: successfully reloaded assembly
- Completed reload, in  2.253 seconds
Platform modules already initialized, skipping
Refreshing native plugins compatible for Editor in 0.61 ms, found 0 plugins.
Preloading 0 native plugins for Editor in 0.00 ms.
Unloading 1212 Unused Serialized files (Serialized files now loaded: 0)
System memory in use before: 208.9 MB.
System memory in use after: 209.0 MB.

Unloading 5 unused Assets to reduce memory usage. Loaded Objects now: 1907.
Total: 13.706600 ms (FindLiveObjects: 2.547500 ms CreateObjectMapping: 0.230900 ms MarkObjects: 7.950200 ms  DeleteObjects: 2.976100 ms)

========================================================================
Received Prepare
Registering precompiled user dll's ...
Registered in 0.001101 seconds.
Begin MonoManager ReloadAssembly
Native extension for WindowsStandalone target not found
Refreshing native plugins compatible for Editor in 1.50 ms, found 0 plugins.
Preloading 0 native plugins for Editor in 0.00 ms.
Mono: successfully reloaded assembly
- Completed reload, in  3.810 seconds
Platform modules already initialized, skipping
Refreshing native plugins compatible for Editor in 0.92 ms, found 0 plugins.
Preloading 0 native plugins for Editor in 0.00 ms.
Unloading 1212 Unused Serialized files (Serialized files now loaded: 0)
System memory in use before: 208.9 MB.
System memory in use after: 209.0 MB.

Unloading 5 unused Assets to reduce memory usage. Loaded Objects now: 1909.
Total: 5.020500 ms (FindLiveObjects: 0.335800 ms CreateObjectMapping: 0.175300 ms MarkObjects: 4.450400 ms  DeleteObjects: 0.057500 ms)

========================================================================
Received Prepare
Registering precompiled user dll's ...
Registered in 0.002322 seconds.
Begin MonoManager ReloadAssembly
Native extension for WindowsStandalone target not found
Refreshing native plugins compatible for Editor in 1.13 ms, found 0 plugins.
Preloading 0 native plugins for Editor in 0.00 ms.
Mono: successfully reloaded assembly
- Completed reload, in  2.278 seconds
Platform modules already initialized, skipping
Refreshing native plugins compatible for Editor in 0.87 ms, found 0 plugins.
Preloading 0 native plugins for Editor in 0.00 ms.
Unloading 1212 Unused Serialized files (Serialized files now loaded: 0)
System memory in use before: 208.8 MB.
System memory in use after: 208.9 MB.

Unloading 5 unused Assets to reduce memory usage. Loaded Objects now: 1911.
Total: 3.514100 ms (FindLiveObjects: 0.215400 ms CreateObjectMapping: 0.128000 ms MarkObjects: 2.955800 ms  DeleteObjects: 0.213300 ms)

========================================================================
Received Prepare
Registering precompiled user dll's ...
Registered in 0.002205 seconds.
Begin MonoManager ReloadAssembly
Native extension for WindowsStandalone target not found
Refreshing native plugins compatible for Editor in 0.93 ms, found 0 plugins.
Preloading 0 native plugins for Editor in 0.00 ms.
Mono: successfully reloaded assembly
- Completed reload, in  2.368 seconds
Platform modules already initialized, skipping
Refreshing native plugins compatible for Editor in 0.63 ms, found 0 plugins.
Preloading 0 native plugins for Editor in 0.00 ms.
Unloading 1212 Unused Serialized files (Serialized files now loaded: 0)
System memory in use before: 209.0 MB.
System memory in use after: 209.0 MB.

Unloading 5 unused Assets to reduce memory usage. Loaded Objects now: 1913.
Total: 4.615000 ms (FindLiveObjects: 0.331000 ms CreateObjectMapping: 0.112300 ms MarkObjects: 4.077500 ms  DeleteObjects: 0.092600 ms)

========================================================================
Received Import Request.
  Time since last request: 503.082137 seconds.
  path: Assets/CustomerResource/UI/Bag/RoleWindow.prefab
  artifactKey: Guid(df6c75c301b814c4396ddb2351d06af3) Importer(815301076,1909f56bfc062723c751e8b465ee728b)
Start importing Assets/CustomerResource/UI/Bag/RoleWindow.prefab using Guid(df6c75c301b814c4396ddb2351d06af3) Importer(815301076,1909f56bfc062723c751e8b465ee728b)  -> (artifact id: '6ea3bd4daf93ce4d0e4180719ff843f5') in 0.477352 seconds 
========================================================================
Received Prepare
Registering precompiled user dll's ...
Registered in 0.003671 seconds.
Begin MonoManager ReloadAssembly
Native extension for WindowsStandalone target not found
Refreshing native plugins compatible for Editor in 0.89 ms, found 0 plugins.
Preloading 0 native plugins for Editor in 0.00 ms.
Mono: successfully reloaded assembly
- Completed reload, in  2.218 seconds
Platform modules already initialized, skipping
Refreshing native plugins compatible for Editor in 1.07 ms, found 0 plugins.
Preloading 0 native plugins for Editor in 0.00 ms.
Unloading 1212 Unused Serialized files (Serialized files now loaded: 0)
System memory in use before: 209.6 MB.
System memory in use after: 209.7 MB.

Unloading 7 unused Assets to reduce memory usage. Loaded Objects now: 1915.
Total: 4.357700 ms (FindLiveObjects: 0.366200 ms CreateObjectMapping: 0.139500 ms MarkObjects: 3.689400 ms  DeleteObjects: 0.160600 ms)

========================================================================
Received Prepare
Registering precompiled user dll's ...
Registered in 0.006510 seconds.
Begin MonoManager ReloadAssembly
Native extension for WindowsStandalone target not found
Refreshing native plugins compatible for Editor in 2.92 ms, found 0 plugins.
Preloading 0 native plugins for Editor in 0.00 ms.
Mono: successfully reloaded assembly
- Completed reload, in 16.978 seconds
Platform modules already initialized, skipping
Refreshing native plugins compatible for Editor in 2.88 ms, found 0 plugins.
Preloading 0 native plugins for Editor in 0.00 ms.
Unloading 1212 Unused Serialized files (Serialized files now loaded: 0)
System memory in use before: 209.9 MB.
System memory in use after: 210.0 MB.

Unloading 5 unused Assets to reduce memory usage. Loaded Objects now: 1917.
Total: 27.170900 ms (FindLiveObjects: 6.145500 ms CreateObjectMapping: 0.745200 ms MarkObjects: 20.111600 ms  DeleteObjects: 0.163300 ms)

========================================================================
Received Prepare
Registering precompiled user dll's ...
Registered in 0.001087 seconds.
Begin MonoManager ReloadAssembly
Native extension for WindowsStandalone target not found
Refreshing native plugins compatible for Editor in 1.68 ms, found 0 plugins.
Preloading 0 native plugins for Editor in 0.00 ms.
Mono: successfully reloaded assembly
- Completed reload, in  4.399 seconds
Platform modules already initialized, skipping
Refreshing native plugins compatible for Editor in 0.87 ms, found 0 plugins.
Preloading 0 native plugins for Editor in 0.00 ms.
Unloading 1212 Unused Serialized files (Serialized files now loaded: 0)
System memory in use before: 209.5 MB.
System memory in use after: 209.6 MB.

Unloading 5 unused Assets to reduce memory usage. Loaded Objects now: 1919.
Total: 3.114100 ms (FindLiveObjects: 0.234200 ms CreateObjectMapping: 0.117700 ms MarkObjects: 2.691800 ms  DeleteObjects: 0.068900 ms)

========================================================================
Received Prepare
Registering precompiled user dll's ...
Registered in 0.002282 seconds.
Begin MonoManager ReloadAssembly
Native extension for WindowsStandalone target not found
Refreshing native plugins compatible for Editor in 1.33 ms, found 0 plugins.
Preloading 0 native plugins for Editor in 0.00 ms.
Mono: successfully reloaded assembly
- Completed reload, in 11.808 seconds
Platform modules already initialized, skipping
Refreshing native plugins compatible for Editor in 1.37 ms, found 0 plugins.
Preloading 0 native plugins for Editor in 0.00 ms.
Unloading 1212 Unused Serialized files (Serialized files now loaded: 0)
System memory in use before: 209.9 MB.
System memory in use after: 210.0 MB.

Unloading 5 unused Assets to reduce memory usage. Loaded Objects now: 1921.
Total: 2.815000 ms (FindLiveObjects: 0.165800 ms CreateObjectMapping: 0.059200 ms MarkObjects: 2.521900 ms  DeleteObjects: 0.066300 ms)

AssetImportWorkerClient::OnTransportError - code=2 error=End of file
