Using pre-set license
Built from 'trunk' branch; Version is '2021.1.0a9 (18321e85013a) revision 1585694'; Using compiler version '192528614'; Build Type 'Release'
OS: 'Windows 10 Pro; OS build 19041.746; Version 2004; 64bit' Language: 'zh' Physical Memory: 24446 MB
BatchMode: 1, IsHumanControllingUs: 0, StartBugReporterOnCrash: 0, Is64bit: 1, IsPro: 0

 COMMAND LINE ARGUMENTS:
C:\Program Files\Unity\Hub\Editor\2021.1.0a9\Editor\Unity.exe
-adb2
-batchMode
-noUpm
-name
AssetImportWorker0
-projectPath
D:/yellow/hithub/XHSJ/XHSJ/XX
-logFile
Logs/AssetImportWorker0.log
-srvPort
58612
Successfully changed project path to: D:/yellow/hithub/XHSJ/XHSJ/XX
D:/yellow/hithub/XHSJ/XHSJ/XX
Using Asset Import Pipeline V2.
Refreshing native plugins compatible for Editor in 158.00 ms, found 0 plugins.
Preloading 0 native plugins for Editor in 0.00 ms.
Initialize engine version: 2021.1.0a9 (18321e85013a)
[Subsystems] Discovering subsystems at path C:/Program Files/Unity/Hub/Editor/2021.1.0a9/Editor/Data/Resources/UnitySubsystems
[Subsystems] Discovering subsystems at path D:/yellow/hithub/XHSJ/XHSJ/XX/Assets
GfxDevice: creating device client; threaded=0; jobified=0
Direct3D:
    Version:  Direct3D 11.0 [level 11.1]
    Renderer: NVIDIA GeForce GTX 1050 (ID=0x1c81)
    Vendor:   
    VRAM:     1977 MB
    Driver:   27.21.14.5671
Initialize mono
Mono path[0] = 'C:/Program Files/Unity/Hub/Editor/2021.1.0a9/Editor/Data/Managed'
Mono path[1] = 'C:/Program Files/Unity/Hub/Editor/2021.1.0a9/Editor/Data/MonoBleedingEdge/lib/mono/unityjit'
Mono config path = 'C:/Program Files/Unity/Hub/Editor/2021.1.0a9/Editor/Data/MonoBleedingEdge/etc'
Using monoOptions --debugger-agent=transport=dt_socket,embedding=1,server=y,suspend=n,address=127.0.0.1:56384
Begin MonoManager ReloadAssembly
Registering precompiled unity dll's ...
Register platform support module: C:/Program Files/Unity/Hub/Editor/2021.1.0a9/Editor/Data/PlaybackEngines/WindowsStandaloneSupport/UnityEditor.WindowsStandalone.Extensions.dll
Registered in 0.004799 seconds.
Native extension for WindowsStandalone target not found
Refreshing native plugins compatible for Editor in 117.80 ms, found 0 plugins.
Preloading 0 native plugins for Editor in 0.00 ms.
Mono: successfully reloaded assembly
- Completed reload, in  3.245 seconds
Platform modules already initialized, skipping
Registering precompiled user dll's ...
Registered in 0.001747 seconds.
Begin MonoManager ReloadAssembly
Native extension for WindowsStandalone target not found
Refreshing native plugins compatible for Editor in 1.75 ms, found 0 plugins.
Preloading 0 native plugins for Editor in 0.00 ms.
Mono: successfully reloaded assembly
- Completed reload, in  1.713 seconds
Platform modules already initialized, skipping
========================================================================
Worker process is ready to serve import requests
Launched and connected shader compiler UnityShaderCompiler.exe after 0.09 seconds
Refreshing native plugins compatible for Editor in 0.86 ms, found 0 plugins.
Preloading 0 native plugins for Editor in 0.00 ms.
Unloading 1198 Unused Serialized files (Serialized files now loaded: 0)
System memory in use before: 199.1 MB.
System memory in use after: 199.1 MB.

Unloading 10 unused Assets to reduce memory usage. Loaded Objects now: 1657.
Total: 3.887500 ms (FindLiveObjects: 0.164400 ms CreateObjectMapping: 0.060600 ms MarkObjects: 3.563500 ms  DeleteObjects: 0.096700 ms)

========================================================================
Received Import Request.
  path: Assets/World/Prefab/wayArrow.prefab
  artifactKey: Guid(a39237a0c8ca5d3468c27af6240d1931) Importer(815301076,1909f56bfc062723c751e8b465ee728b)
Start importing Assets/World/Prefab/wayArrow.prefab using Guid(a39237a0c8ca5d3468c27af6240d1931) Importer(815301076,1909f56bfc062723c751e8b465ee728b)  -> (artifact id: 'cd298262e5efe4aead6c2060ddd2d831') in 0.532764 seconds 
========================================================================
Received Import Request.
  Time since last request: 0.518148 seconds.
  path: Assets/World/Prefab/wayLine.prefab
  artifactKey: Guid(05eeaa526d1ff8f469361783e3874081) Importer(815301076,1909f56bfc062723c751e8b465ee728b)
Start importing Assets/World/Prefab/wayLine.prefab using Guid(05eeaa526d1ff8f469361783e3874081) Importer(815301076,1909f56bfc062723c751e8b465ee728b)  -> (artifact id: 'e4ae8aa8750f3f613b07ff33d047f6ed') in 0.066967 seconds 
========================================================================
Received Prepare
Registering precompiled user dll's ...
Registered in 0.002798 seconds.
Begin MonoManager ReloadAssembly
Native extension for WindowsStandalone target not found
Refreshing native plugins compatible for Editor in 1.09 ms, found 0 plugins.
Preloading 0 native plugins for Editor in 0.00 ms.
Mono: successfully reloaded assembly
- Completed reload, in  2.940 seconds
Platform modules already initialized, skipping
Refreshing native plugins compatible for Editor in 1.10 ms, found 0 plugins.
Preloading 0 native plugins for Editor in 0.00 ms.
Unloading 1177 Unused Serialized files (Serialized files now loaded: 0)
System memory in use before: 202.1 MB.
System memory in use after: 202.2 MB.

Unloading 5 unused Assets to reduce memory usage. Loaded Objects now: 1667.
Total: 3.472000 ms (FindLiveObjects: 0.210700 ms CreateObjectMapping: 0.074800 ms MarkObjects: 3.108400 ms  DeleteObjects: 0.076800 ms)

